<?xml version="1.0" encoding="UTF-8"?>
<!-- Generated by org.testng.reporters.JUnitReportReporter -->
<testsuite hostname="DESKTOP-R1OF3DA" failures="0" tests="1" name="testpackage.Validlogin" time="26.188" errors="0" timestamp="2023-08-02T08:56:11 IST" skipped="0">
  <testcase classname="testpackage.Validlogin" name="validTestCase" time="26.188"/>
</testsuite> <!-- testpackage.Validlogin -->
