<?xml version="1.0" encoding="UTF-8"?>
<!-- Generated by org.testng.reporters.JUnitReportReporter -->
<testsuite hostname="DESKTOP-R1OF3DA" failures="0" tests="1" name="testpackage.Validlogin" time="11.684" errors="0" timestamp="2023-08-03T15:57:27 IST" skipped="0">
  <testcase classname="testpackage.Validlogin" name="validTestCase" time="11.684"/>
</testsuite> <!-- testpackage.Validlogin -->
